<?xml version="1.0" encoding="UTF-8"?>
<robot generator="Robot 7.0 (Python 3.12.1 on win32)" generated="2024-02-05T09:22:59.078656" rpa="false" schemaversion="5">
<suite id="s1" name="Signup" source="C:\QAx\Project\walkdog-robot\tests\signup.robot">
<test id="s1-t1" name="Nao deve cadastrar se o CPF for incorreto" line="29">
<kw name="Create Dictionary" owner="BuiltIn">
<msg time="2024-02-05T09:23:00.603479" level="INFO">${dog_walker} = {'name': 'RUFO ARQUITETURA', 'email': 'rufoitretura-1082@yopmail.com', 'cpf': '32584222060aa', 'cep': '04534011', 'street': 'Rua Joaquim Floriano', 'district': 'Itaim Bibi', 'city_uf': 'São Paulo/SP',...</msg>
<var>${dog_walker}</var>
<arg>name=RUFO ARQUITETURA</arg>
<arg>email=rufoitretura-1082@yopmail.com</arg>
<arg>cpf=32584222060aa</arg>
<arg>cep=04534011</arg>
<arg>street=Rua Joaquim Floriano</arg>
<arg>district=Itaim Bibi</arg>
<arg>city_uf=São Paulo/SP</arg>
<arg>number=1000</arg>
<arg>details=Apto 22</arg>
<arg>cnh=toretto.jpg</arg>
<doc>Creates and returns a dictionary based on the given ``items``.</doc>
<status status="PASS" start="2024-02-05T09:23:00.603479" elapsed="0.000000"/>
</kw>
<kw name="Start session" owner="base">
<kw name="New Browser" owner="Browser">
<msg time="2024-02-05T09:23:00.603479" level="INFO">{"browser": "chromium", "headless": false, "chromiumSandbox": false, "devtools": false, "handleSIGHUP": true, "handleSIGINT": true, "handleSIGTERM": true, "slowMo": 0.0, "timeout": 30000.0, "tracesDir": "C:\\QAx\\Project\\walkdog-robot\\tests\\browser\\traces\\4c5456f3-6178-48b3-9916-49339ec2f41a"}</msg>
<msg time="2024-02-05T09:23:01.441278" level="INFO">Successfully created browser with options: {"browser":"chromium","headless":false,"chromiumSandbox":false,"devtools":false,"handleSIGHUP":true,"handleSIGINT":true,"handleSIGTERM":true,"slowMo":0,"timeout":30000,"tracesDir":"C:\\QAx\\Project\\walkdog-robot\\tests\\browser\\traces\\4c5456f3-6178-48b3-9916-49339ec2f41a"}</msg>
<arg>browser=chromium</arg>
<arg>headless=False</arg>
<tag>BrowserControl</tag>
<tag>Setter</tag>
<doc>Create a new playwright Browser with specified options.</doc>
<status status="PASS" start="2024-02-05T09:23:00.603479" elapsed="0.837799"/>
</kw>
<kw name="New Page" owner="Browser">
<msg time="2024-02-05T09:23:02.792546" level="INFO">Successfully initialized new page object and opened url: https://walkdog.vercel.app</msg>
<msg time="2024-02-05T09:23:02.792546" level="INFO">No context was open. New context was automatically opened when this page is created.</msg>
<arg>https://walkdog.vercel.app</arg>
<tag>BrowserControl</tag>
<tag>Setter</tag>
<doc>Open a new Page.</doc>
<status status="PASS" start="2024-02-05T09:23:01.441278" elapsed="1.351268"/>
</kw>
<kw name="Wait For Elements State" owner="Browser">
<msg time="2024-02-05T09:23:02.836055" level="INFO">Waited for Element with selector css=h1 &gt;&gt; text=Cuidado e diversão em cada passo at state visible</msg>
<arg>css=h1 &gt;&gt; text=Cuidado e diversão em cada passo</arg>
<arg>visible</arg>
<arg>5</arg>
<tag>PageContent</tag>
<tag>Wait</tag>
<doc>Waits for the element found by ``selector`` to satisfy state option.</doc>
<status status="PASS" start="2024-02-05T09:23:02.792546" elapsed="0.043509"/>
</kw>
<status status="PASS" start="2024-02-05T09:23:00.603479" elapsed="2.239016"/>
</kw>
<kw name="GO TO signup page" owner="signup">
<kw name="Click" owner="Browser">
<arg>css=a[href="/signup"]</arg>
<tag>PageContent</tag>
<tag>Setter</tag>
<doc>Simulates mouse click on the element found by ``selector``.</doc>
<status status="PASS" start="2024-02-05T09:23:02.842495" elapsed="0.092835"/>
</kw>
<kw name="Wait For Elements State" owner="Browser">
<msg time="2024-02-05T09:23:02.947708" level="INFO">Waited for Element with selector form h1 at state visible</msg>
<arg>form h1</arg>
<arg>visible</arg>
<arg>5000</arg>
<tag>PageContent</tag>
<tag>Wait</tag>
<doc>Waits for the element found by ``selector`` to satisfy state option.</doc>
<status status="PASS" start="2024-02-05T09:23:02.935330" elapsed="0.012378"/>
</kw>
<kw name="Get Text" owner="Browser">
<msg time="2024-02-05T09:23:02.978939" level="INFO">Text: 'Faça seu cadastro'</msg>
<arg>h1</arg>
<arg>equal</arg>
<arg>Faça seu cadastro</arg>
<tag>Assertion</tag>
<tag>Getter</tag>
<tag>PageContent</tag>
<doc>Returns text attribute of the element found by ``selector``.</doc>
<status status="PASS" start="2024-02-05T09:23:02.947708" elapsed="0.031231"/>
</kw>
<status status="PASS" start="2024-02-05T09:23:02.842495" elapsed="0.136950"/>
</kw>
<kw name="FILL signup form" owner="signup">
<kw name="Fill Text" owner="Browser">
<msg time="2024-02-05T09:23:02.980508" level="INFO">Fills the text 'RUFO ARQUITETURA' in the given field.</msg>
<arg>css=input[name=name]</arg>
<arg>${dog_walker}[name]</arg>
<tag>PageContent</tag>
<tag>Setter</tag>
<doc>Clears and fills the given ``txt`` into the text field found by ``selector``.</doc>
<status status="PASS" start="2024-02-05T09:23:02.979445" elapsed="0.026741"/>
</kw>
<kw name="Fill Text" owner="Browser">
<msg time="2024-02-05T09:23:03.006696" level="INFO">Fills the text 'rufoitretura-1082@yopmail.com' in the given field.</msg>
<arg>css=input[name=email]</arg>
<arg>${dog_walker}[email]</arg>
<tag>PageContent</tag>
<tag>Setter</tag>
<doc>Clears and fills the given ``txt`` into the text field found by ``selector``.</doc>
<status status="PASS" start="2024-02-05T09:23:03.006186" elapsed="0.020613"/>
</kw>
<kw name="Fill Text" owner="Browser">
<msg time="2024-02-05T09:23:03.027715" level="INFO">Fills the text '32584222060aa' in the given field.</msg>
<arg>css=input[name=cpf]</arg>
<arg>${dog_walker}[cpf]</arg>
<tag>PageContent</tag>
<tag>Setter</tag>
<doc>Clears and fills the given ``txt`` into the text field found by ``selector``.</doc>
<status status="PASS" start="2024-02-05T09:23:03.027313" elapsed="0.018945"/>
</kw>
<kw name="Fill Text" owner="Browser">
<msg time="2024-02-05T09:23:03.047006" level="INFO">Fills the text '04534011' in the given field.</msg>
<arg>css=input[name=cep]</arg>
<arg>${dog_walker}[cep]</arg>
<tag>PageContent</tag>
<tag>Setter</tag>
<doc>Clears and fills the given ``txt`` into the text field found by ``selector``.</doc>
<status status="PASS" start="2024-02-05T09:23:03.046258" elapsed="0.016988"/>
</kw>
<kw name="Click" owner="Browser">
<arg>css=input[type=button][value$=CEP]</arg>
<tag>PageContent</tag>
<tag>Setter</tag>
<doc>Simulates mouse click on the element found by ``selector``.</doc>
<status status="PASS" start="2024-02-05T09:23:03.063772" elapsed="0.054671"/>
</kw>
<kw name="Get Property" owner="Browser">
<msg time="2024-02-05T09:23:03.675965" level="INFO">Property: 'Rua Joaquim Floriano'</msg>
<arg>css=input[name=addressStreet]</arg>
<arg>value</arg>
<arg>equal</arg>
<arg>${dog_walker}[street]</arg>
<tag>Assertion</tag>
<tag>Getter</tag>
<tag>PageContent</tag>
<doc>Returns the ``property`` of the element found by ``selector``.</doc>
<status status="PASS" start="2024-02-05T09:23:03.118443" elapsed="0.557522"/>
</kw>
<kw name="Get Property" owner="Browser">
<msg time="2024-02-05T09:23:03.687008" level="INFO">Property: 'Itaim Bibi'</msg>
<arg>css=input[name=addressDistrict]</arg>
<arg>value</arg>
<arg>equal</arg>
<arg>${dog_walker}[district]</arg>
<tag>Assertion</tag>
<tag>Getter</tag>
<tag>PageContent</tag>
<doc>Returns the ``property`` of the element found by ``selector``.</doc>
<status status="PASS" start="2024-02-05T09:23:03.675965" elapsed="0.011043"/>
</kw>
<kw name="Get Property" owner="Browser">
<msg time="2024-02-05T09:23:03.703373" level="INFO">Property: 'São Paulo/SP'</msg>
<arg>css=input[name=addressCityUf]</arg>
<arg>value</arg>
<arg>equal</arg>
<arg>${dog_walker}[city_uf]</arg>
<tag>Assertion</tag>
<tag>Getter</tag>
<tag>PageContent</tag>
<doc>Returns the ``property`` of the element found by ``selector``.</doc>
<status status="PASS" start="2024-02-05T09:23:03.692277" elapsed="0.011096"/>
</kw>
<kw name="Fill Text" owner="Browser">
<msg time="2024-02-05T09:23:03.703373" level="INFO">Fills the text '1000' in the given field.</msg>
<arg>css=input[name=addressNumber]</arg>
<arg>${dog_walker}[number]</arg>
<tag>PageContent</tag>
<tag>Setter</tag>
<doc>Clears and fills the given ``txt`` into the text field found by ``selector``.</doc>
<status status="PASS" start="2024-02-05T09:23:03.703373" elapsed="0.030942"/>
</kw>
<kw name="Fill Text" owner="Browser">
<msg time="2024-02-05T09:23:03.734315" level="INFO">Fills the text 'Apto 22' in the given field.</msg>
<arg>css=input[name=addressDetails]</arg>
<arg>${dog_walker}[details]</arg>
<tag>PageContent</tag>
<tag>Setter</tag>
<doc>Clears and fills the given ``txt`` into the text field found by ``selector``.</doc>
<status status="PASS" start="2024-02-05T09:23:03.734315" elapsed="0.024529"/>
</kw>
<kw name="Upload File By Selector" owner="Browser">
<arg>css=input[type=file]</arg>
<arg>${EXECDIR}/resources/fixtures/${dog_walker}[cnh]</arg>
<tag>PageContent</tag>
<tag>Setter</tag>
<doc>Uploads file from `path` to file input element matched by selector.</doc>
<status status="PASS" start="2024-02-05T09:23:03.758844" elapsed="0.024905"/>
</kw>
<arg>${dog_walker}</arg>
<status status="PASS" start="2024-02-05T09:23:02.979445" elapsed="0.804304"/>
</kw>
<kw name="SUBMIT signup form" owner="signup">
<kw name="Click" owner="Browser">
<arg>css=.button-register</arg>
<tag>PageContent</tag>
<tag>Setter</tag>
<doc>Simulates mouse click on the element found by ``selector``.</doc>
<status status="PASS" start="2024-02-05T09:23:03.783749" elapsed="0.051108"/>
</kw>
<status status="PASS" start="2024-02-05T09:23:03.783749" elapsed="0.051108"/>
</kw>
<kw name="Finish session" owner="base">
<kw name="Take Screenshot" owner="Browser">
<msg time="2024-02-05T09:23:04.172901" level="INFO" html="true">&lt;/td&gt;&lt;/tr&gt;&lt;tr&gt;&lt;td colspan="3"&gt;&lt;a href="browser/screenshot/robotframework-browser-screenshot-1.png" target="_blank"&gt;&lt;img src="browser/screenshot/robotframework-browser-screenshot-1.png" width="800px"/&gt;&lt;/a&gt;</msg>
<arg>fullPage=True</arg>
<tag>PageContent</tag>
<doc>Takes a screenshot of the current window or element and saves it to disk.</doc>
<status status="PASS" start="2024-02-05T09:23:03.834857" elapsed="0.338044"/>
</kw>
<status status="PASS" start="2024-02-05T09:23:03.834857" elapsed="0.338719"/>
</kw>
<tag>cpf_inv</tag>
<status status="PASS" start="2024-02-05T09:23:00.589962" elapsed="3.583614"/>
</test>
<doc>Suite de teste de cadastro de dog walker</doc>
<status status="PASS" start="2024-02-05T09:22:59.078656" elapsed="5.178120"/>
</suite>
<statistics>
<total>
<stat pass="1" fail="0" skip="0">All Tests</stat>
</total>
<tag>
<stat pass="1" fail="0" skip="0">cpf_inv</stat>
</tag>
<suite>
<stat pass="1" fail="0" skip="0" id="s1" name="Signup">Signup</stat>
</suite>
</statistics>
<errors>
</errors>
</robot>
