<?xml version="1.0" encoding="UTF-8"?>
<robot generator="Robot 7.0 (Python 3.12.1 on win32)" generated="2024-02-05T10:27:45.641986" rpa="false" schemaversion="5">
<suite id="s1" name="Signup" source="C:\QAx\Project\walkdog-robot\tests\signup.robot">
<test id="s1-t1" name="Deve poder cadstrar um novo dog walker" line="9">
<kw name="Create Dictionary" owner="BuiltIn">
<msg time="2024-02-05T10:27:46.453535" level="INFO">${dog_walker} = {'name': 'RUFO ARQUITETURA', 'email': 'rufoitretura-1082@yopmail.com', 'cpf': '32584222060', 'cep': '04534011', 'street': 'Rua Joaquim Floriano', 'district': 'Itaim Bibi', 'city_uf': 'São Paulo/SP', '...</msg>
<var>${dog_walker}</var>
<arg>name=RUFO ARQUITETURA</arg>
<arg>email=rufoitretura-1082@yopmail.com</arg>
<arg>cpf=32584222060</arg>
<arg>cep=04534011</arg>
<arg>street=Rua Joaquim Floriano</arg>
<arg>district=Itaim Bibi</arg>
<arg>city_uf=São Paulo/SP</arg>
<arg>number=1000</arg>
<arg>details=Apto 22</arg>
<arg>cnh=toretto.jpg</arg>
<doc>Creates and returns a dictionary based on the given ``items``.</doc>
<status status="PASS" start="2024-02-05T10:27:46.453535" elapsed="0.000000"/>
</kw>
<kw name="Start session" owner="base">
<kw name="New Browser" owner="Browser">
<msg time="2024-02-05T10:27:46.453535" level="INFO">{"browser": "chromium", "headless": false, "chromiumSandbox": false, "devtools": false, "handleSIGHUP": true, "handleSIGINT": true, "handleSIGTERM": true, "slowMo": 0.0, "timeout": 30000.0, "tracesDir": "C:\\QAx\\Project\\walkdog-robot\\tests\\logs\\browser\\traces\\e38b5cc3-9ca2-4d73-a24f-62894dba6184"}</msg>
<msg time="2024-02-05T10:27:47.191272" level="INFO">Successfully created browser with options: {"browser":"chromium","headless":false,"chromiumSandbox":false,"devtools":false,"handleSIGHUP":true,"handleSIGINT":true,"handleSIGTERM":true,"slowMo":0,"timeout":30000,"tracesDir":"C:\\QAx\\Project\\walkdog-robot\\tests\\logs\\browser\\traces\\e38b5cc3-9ca2-4d73-a24f-62894dba6184"}</msg>
<arg>browser=chromium</arg>
<arg>headless=False</arg>
<tag>BrowserControl</tag>
<tag>Setter</tag>
<doc>Create a new playwright Browser with specified options.</doc>
<status status="PASS" start="2024-02-05T10:27:46.453535" elapsed="0.737737"/>
</kw>
<kw name="New Page" owner="Browser">
<msg time="2024-02-05T10:27:47.978828" level="INFO">Successfully initialized new page object and opened url: https://walkdog.vercel.app</msg>
<msg time="2024-02-05T10:27:47.978828" level="INFO">No context was open. New context was automatically opened when this page is created.</msg>
<arg>https://walkdog.vercel.app</arg>
<tag>BrowserControl</tag>
<tag>Setter</tag>
<doc>Open a new Page.</doc>
<status status="PASS" start="2024-02-05T10:27:47.191272" elapsed="0.787556"/>
</kw>
<kw name="Wait For Elements State" owner="Browser">
<msg time="2024-02-05T10:27:48.016659" level="INFO">Waited for Element with selector css=h1 &gt;&gt; text=Cuidado e diversão em cada passo at state visible</msg>
<arg>css=h1 &gt;&gt; text=Cuidado e diversão em cada passo</arg>
<arg>visible</arg>
<arg>5</arg>
<tag>PageContent</tag>
<tag>Wait</tag>
<doc>Waits for the element found by ``selector`` to satisfy state option.</doc>
<status status="PASS" start="2024-02-05T10:27:47.978828" elapsed="0.037831"/>
</kw>
<status status="PASS" start="2024-02-05T10:27:46.453535" elapsed="1.563124"/>
</kw>
<kw name="GO TO signup page" owner="signup">
<kw name="Click" owner="Browser">
<arg>css=a[href="/signup"]</arg>
<tag>PageContent</tag>
<tag>Setter</tag>
<doc>Simulates mouse click on the element found by ``selector``.</doc>
<status status="PASS" start="2024-02-05T10:27:48.016659" elapsed="0.105961"/>
</kw>
<kw name="Wait For Elements State" owner="Browser">
<msg time="2024-02-05T10:27:48.137462" level="INFO">Waited for Element with selector form h1 at state visible</msg>
<arg>form h1</arg>
<arg>visible</arg>
<arg>5000</arg>
<tag>PageContent</tag>
<tag>Wait</tag>
<doc>Waits for the element found by ``selector`` to satisfy state option.</doc>
<status status="PASS" start="2024-02-05T10:27:48.122620" elapsed="0.014842"/>
</kw>
<kw name="Get Text" owner="Browser">
<msg time="2024-02-05T10:27:48.174005" level="INFO">Text: 'Faça seu cadastro'</msg>
<arg>h1</arg>
<arg>equal</arg>
<arg>Faça seu cadastro</arg>
<tag>Assertion</tag>
<tag>Getter</tag>
<tag>PageContent</tag>
<doc>Returns text attribute of the element found by ``selector``.</doc>
<status status="PASS" start="2024-02-05T10:27:48.137462" elapsed="0.036543"/>
</kw>
<status status="PASS" start="2024-02-05T10:27:48.016659" elapsed="0.157346"/>
</kw>
<kw name="FILL signup form" owner="signup">
<kw name="Fill Text" owner="Browser">
<msg time="2024-02-05T10:27:48.174005" level="INFO">Fills the text 'RUFO ARQUITETURA' in the given field.</msg>
<arg>css=input[name=name]</arg>
<arg>${dog_walker}[name]</arg>
<tag>PageContent</tag>
<tag>Setter</tag>
<doc>Clears and fills the given ``txt`` into the text field found by ``selector``.</doc>
<status status="PASS" start="2024-02-05T10:27:48.174005" elapsed="0.035623"/>
</kw>
<kw name="Fill Text" owner="Browser">
<msg time="2024-02-05T10:27:48.209628" level="INFO">Fills the text 'rufoitretura-1082@yopmail.com' in the given field.</msg>
<arg>css=input[name=email]</arg>
<arg>${dog_walker}[email]</arg>
<tag>PageContent</tag>
<tag>Setter</tag>
<doc>Clears and fills the given ``txt`` into the text field found by ``selector``.</doc>
<status status="PASS" start="2024-02-05T10:27:48.209628" elapsed="0.028893"/>
</kw>
<kw name="Fill Text" owner="Browser">
<msg time="2024-02-05T10:27:48.238521" level="INFO">Fills the text '32584222060' in the given field.</msg>
<arg>css=input[name=cpf]</arg>
<arg>${dog_walker}[cpf]</arg>
<tag>PageContent</tag>
<tag>Setter</tag>
<doc>Clears and fills the given ``txt`` into the text field found by ``selector``.</doc>
<status status="PASS" start="2024-02-05T10:27:48.238521" elapsed="0.019028"/>
</kw>
<kw name="Fill Text" owner="Browser">
<msg time="2024-02-05T10:27:48.268102" level="INFO">Fills the text '04534011' in the given field.</msg>
<arg>css=input[name=cep]</arg>
<arg>${dog_walker}[cep]</arg>
<tag>PageContent</tag>
<tag>Setter</tag>
<doc>Clears and fills the given ``txt`` into the text field found by ``selector``.</doc>
<status status="PASS" start="2024-02-05T10:27:48.267616" elapsed="0.025878"/>
</kw>
<kw name="Click" owner="Browser">
<arg>css=input[type=button][value$=CEP]</arg>
<tag>PageContent</tag>
<tag>Setter</tag>
<doc>Simulates mouse click on the element found by ``selector``.</doc>
<status status="PASS" start="2024-02-05T10:27:48.293494" elapsed="0.073120"/>
</kw>
<kw name="Get Property" owner="Browser">
<msg time="2024-02-05T10:27:48.983364" level="INFO">Property: 'Rua Joaquim Floriano'</msg>
<arg>css=input[name=addressStreet]</arg>
<arg>value</arg>
<arg>equal</arg>
<arg>${dog_walker}[street]</arg>
<tag>Assertion</tag>
<tag>Getter</tag>
<tag>PageContent</tag>
<doc>Returns the ``property`` of the element found by ``selector``.</doc>
<status status="PASS" start="2024-02-05T10:27:48.366614" elapsed="0.616750"/>
</kw>
<kw name="Get Property" owner="Browser">
<msg time="2024-02-05T10:27:48.998947" level="INFO">Property: 'Itaim Bibi'</msg>
<arg>css=input[name=addressDistrict]</arg>
<arg>value</arg>
<arg>equal</arg>
<arg>${dog_walker}[district]</arg>
<tag>Assertion</tag>
<tag>Getter</tag>
<tag>PageContent</tag>
<doc>Returns the ``property`` of the element found by ``selector``.</doc>
<status status="PASS" start="2024-02-05T10:27:48.983364" elapsed="0.015583"/>
</kw>
<kw name="Get Property" owner="Browser">
<msg time="2024-02-05T10:27:49.007049" level="INFO">Property: 'São Paulo/SP'</msg>
<arg>css=input[name=addressCityUf]</arg>
<arg>value</arg>
<arg>equal</arg>
<arg>${dog_walker}[city_uf]</arg>
<tag>Assertion</tag>
<tag>Getter</tag>
<tag>PageContent</tag>
<doc>Returns the ``property`` of the element found by ``selector``.</doc>
<status status="PASS" start="2024-02-05T10:27:48.998947" elapsed="0.008102"/>
</kw>
<kw name="Fill Text" owner="Browser">
<msg time="2024-02-05T10:27:49.007049" level="INFO">Fills the text '1000' in the given field.</msg>
<arg>css=input[name=addressNumber]</arg>
<arg>${dog_walker}[number]</arg>
<tag>PageContent</tag>
<tag>Setter</tag>
<doc>Clears and fills the given ``txt`` into the text field found by ``selector``.</doc>
<status status="PASS" start="2024-02-05T10:27:49.007049" elapsed="0.013981"/>
</kw>
<kw name="Fill Text" owner="Browser">
<msg time="2024-02-05T10:27:49.021030" level="INFO">Fills the text 'Apto 22' in the given field.</msg>
<arg>css=input[name=addressDetails]</arg>
<arg>${dog_walker}[details]</arg>
<tag>PageContent</tag>
<tag>Setter</tag>
<doc>Clears and fills the given ``txt`` into the text field found by ``selector``.</doc>
<status status="PASS" start="2024-02-05T10:27:49.021030" elapsed="0.028645"/>
</kw>
<kw name="Upload File By Selector" owner="Browser">
<arg>css=input[type=file]</arg>
<arg>${EXECDIR}/resources/fixtures/${dog_walker}[cnh]</arg>
<tag>PageContent</tag>
<tag>Setter</tag>
<doc>Uploads file from `path` to file input element matched by selector.</doc>
<status status="PASS" start="2024-02-05T10:27:49.052183" elapsed="0.022164"/>
</kw>
<arg>${dog_walker}</arg>
<status status="PASS" start="2024-02-05T10:27:48.174005" elapsed="0.900342"/>
</kw>
<kw name="SUBMIT signup form" owner="signup">
<kw name="Click" owner="Browser">
<arg>css=.button-register</arg>
<tag>PageContent</tag>
<tag>Setter</tag>
<doc>Simulates mouse click on the element found by ``selector``.</doc>
<status status="PASS" start="2024-02-05T10:27:49.074347" elapsed="0.068966"/>
</kw>
<status status="PASS" start="2024-02-05T10:27:49.074347" elapsed="0.068966"/>
</kw>
<kw name="POPUP shoul be" owner="signup">
<kw name="Wait For Elements State" owner="Browser">
<msg time="2024-02-05T10:27:49.367040" level="INFO">Waited for Element with selector css=.swal2-html-container at state visible</msg>
<arg>css=.swal2-html-container</arg>
<arg>visible</arg>
<arg>5</arg>
<tag>PageContent</tag>
<tag>Wait</tag>
<doc>Waits for the element found by ``selector`` to satisfy state option.</doc>
<status status="PASS" start="2024-02-05T10:27:49.143313" elapsed="0.223727"/>
</kw>
<kw name="Get Text" owner="Browser">
<msg time="2024-02-05T10:27:49.385633" level="INFO">Text: 'Recebemos o seu cadastro e em breve retornaremos o contato.'</msg>
<arg>css=.swal2-html-container</arg>
<arg>equal</arg>
<arg>${expected_text}</arg>
<tag>Assertion</tag>
<tag>Getter</tag>
<tag>PageContent</tag>
<doc>Returns text attribute of the element found by ``selector``.</doc>
<status status="PASS" start="2024-02-05T10:27:49.367040" elapsed="0.018593"/>
</kw>
<arg>Recebemos o seu cadastro e em breve retornaremos o contato.</arg>
<status status="PASS" start="2024-02-05T10:27:49.143313" elapsed="0.242320"/>
</kw>
<kw name="Finish session" owner="base">
<kw name="Take Screenshot" owner="Browser">
<msg time="2024-02-05T10:27:49.641899" level="INFO" html="true">&lt;/td&gt;&lt;/tr&gt;&lt;tr&gt;&lt;td colspan="3"&gt;&lt;a href="browser/screenshot/robotframework-browser-screenshot-1.png" target="_blank"&gt;&lt;img src="browser/screenshot/robotframework-browser-screenshot-1.png" width="800px"/&gt;&lt;/a&gt;</msg>
<arg>fullPage=True</arg>
<tag>PageContent</tag>
<doc>Takes a screenshot of the current window or element and saves it to disk.</doc>
<status status="PASS" start="2024-02-05T10:27:49.385633" elapsed="0.256266"/>
</kw>
<status status="PASS" start="2024-02-05T10:27:49.385633" elapsed="0.256266"/>
</kw>
<status status="PASS" start="2024-02-05T10:27:46.453535" elapsed="3.188364"/>
</test>
<test id="s1-t2" name="Nao deve cadastrar se o CPF for incorreto" line="31">
<kw name="Create Dictionary" owner="BuiltIn">
<msg time="2024-02-05T10:27:49.732103" level="INFO">${dog_walker} = {'name': 'RUFO ARQUITETURA', 'email': 'rufoitretura-1082@yopmail.com', 'cpf': '32584222060aa', 'cep': '04534011', 'street': 'Rua Joaquim Floriano', 'district': 'Itaim Bibi', 'city_uf': 'São Paulo/SP',...</msg>
<var>${dog_walker}</var>
<arg>name=RUFO ARQUITETURA</arg>
<arg>email=rufoitretura-1082@yopmail.com</arg>
<arg>cpf=32584222060aa</arg>
<arg>cep=04534011</arg>
<arg>street=Rua Joaquim Floriano</arg>
<arg>district=Itaim Bibi</arg>
<arg>city_uf=São Paulo/SP</arg>
<arg>number=1000</arg>
<arg>details=Apto 22</arg>
<arg>cnh=toretto.jpg</arg>
<doc>Creates and returns a dictionary based on the given ``items``.</doc>
<status status="PASS" start="2024-02-05T10:27:49.732103" elapsed="0.000000"/>
</kw>
<kw name="Start session" owner="base">
<kw name="New Browser" owner="Browser">
<msg time="2024-02-05T10:27:49.732103" level="INFO">Switching browser to browser=d34f5d46-3549-483f-8300-579652722f9d</msg>
<msg time="2024-02-05T10:27:49.732103" level="INFO">Successfully changed active browser: browser=d34f5d46-3549-483f-8300-579652722f9d</msg>
<msg time="2024-02-05T10:27:49.732103" level="INFO">Reusing existing browser with id: browser=d34f5d46-3549-483f-8300-579652722f9d</msg>
<arg>browser=chromium</arg>
<arg>headless=False</arg>
<tag>BrowserControl</tag>
<tag>Setter</tag>
<doc>Create a new playwright Browser with specified options.</doc>
<status status="PASS" start="2024-02-05T10:27:49.732103" elapsed="0.000000"/>
</kw>
<kw name="New Page" owner="Browser">
<msg time="2024-02-05T10:27:50.428833" level="INFO">Successfully initialized new page object and opened url: https://walkdog.vercel.app</msg>
<msg time="2024-02-05T10:27:50.428833" level="INFO">No context was open. New context was automatically opened when this page is created.</msg>
<arg>https://walkdog.vercel.app</arg>
<tag>BrowserControl</tag>
<tag>Setter</tag>
<doc>Open a new Page.</doc>
<status status="PASS" start="2024-02-05T10:27:49.732103" elapsed="0.696730"/>
</kw>
<kw name="Wait For Elements State" owner="Browser">
<msg time="2024-02-05T10:27:50.466313" level="INFO">Waited for Element with selector css=h1 &gt;&gt; text=Cuidado e diversão em cada passo at state visible</msg>
<arg>css=h1 &gt;&gt; text=Cuidado e diversão em cada passo</arg>
<arg>visible</arg>
<arg>5</arg>
<tag>PageContent</tag>
<tag>Wait</tag>
<doc>Waits for the element found by ``selector`` to satisfy state option.</doc>
<status status="PASS" start="2024-02-05T10:27:50.428833" elapsed="0.037480"/>
</kw>
<status status="PASS" start="2024-02-05T10:27:49.732103" elapsed="0.734210"/>
</kw>
<kw name="GO TO signup page" owner="signup">
<kw name="Click" owner="Browser">
<arg>css=a[href="/signup"]</arg>
<tag>PageContent</tag>
<tag>Setter</tag>
<doc>Simulates mouse click on the element found by ``selector``.</doc>
<status status="PASS" start="2024-02-05T10:27:50.466313" elapsed="0.074451"/>
</kw>
<kw name="Wait For Elements State" owner="Browser">
<msg time="2024-02-05T10:27:50.554542" level="INFO">Waited for Element with selector form h1 at state visible</msg>
<arg>form h1</arg>
<arg>visible</arg>
<arg>5000</arg>
<tag>PageContent</tag>
<tag>Wait</tag>
<doc>Waits for the element found by ``selector`` to satisfy state option.</doc>
<status status="PASS" start="2024-02-05T10:27:50.540764" elapsed="0.013778"/>
</kw>
<kw name="Get Text" owner="Browser">
<msg time="2024-02-05T10:27:50.585491" level="INFO">Text: 'Faça seu cadastro'</msg>
<arg>h1</arg>
<arg>equal</arg>
<arg>Faça seu cadastro</arg>
<tag>Assertion</tag>
<tag>Getter</tag>
<tag>PageContent</tag>
<doc>Returns text attribute of the element found by ``selector``.</doc>
<status status="PASS" start="2024-02-05T10:27:50.554542" elapsed="0.030949"/>
</kw>
<status status="PASS" start="2024-02-05T10:27:50.466313" elapsed="0.119178"/>
</kw>
<kw name="FILL signup form" owner="signup">
<kw name="Fill Text" owner="Browser">
<msg time="2024-02-05T10:27:50.585491" level="INFO">Fills the text 'RUFO ARQUITETURA' in the given field.</msg>
<arg>css=input[name=name]</arg>
<arg>${dog_walker}[name]</arg>
<tag>PageContent</tag>
<tag>Setter</tag>
<doc>Clears and fills the given ``txt`` into the text field found by ``selector``.</doc>
<status status="PASS" start="2024-02-05T10:27:50.585491" elapsed="0.020229"/>
</kw>
<kw name="Fill Text" owner="Browser">
<msg time="2024-02-05T10:27:50.616278" level="INFO">Fills the text 'rufoitretura-1082@yopmail.com' in the given field.</msg>
<arg>css=input[name=email]</arg>
<arg>${dog_walker}[email]</arg>
<tag>PageContent</tag>
<tag>Setter</tag>
<doc>Clears and fills the given ``txt`` into the text field found by ``selector``.</doc>
<status status="PASS" start="2024-02-05T10:27:50.605720" elapsed="0.033646"/>
</kw>
<kw name="Fill Text" owner="Browser">
<msg time="2024-02-05T10:27:50.639366" level="INFO">Fills the text '32584222060aa' in the given field.</msg>
<arg>css=input[name=cpf]</arg>
<arg>${dog_walker}[cpf]</arg>
<tag>PageContent</tag>
<tag>Setter</tag>
<doc>Clears and fills the given ``txt`` into the text field found by ``selector``.</doc>
<status status="PASS" start="2024-02-05T10:27:50.639366" elapsed="0.015392"/>
</kw>
<kw name="Fill Text" owner="Browser">
<msg time="2024-02-05T10:27:50.664292" level="INFO">Fills the text '04534011' in the given field.</msg>
<arg>css=input[name=cep]</arg>
<arg>${dog_walker}[cep]</arg>
<tag>PageContent</tag>
<tag>Setter</tag>
<doc>Clears and fills the given ``txt`` into the text field found by ``selector``.</doc>
<status status="PASS" start="2024-02-05T10:27:50.654758" elapsed="0.033932"/>
</kw>
<kw name="Click" owner="Browser">
<arg>css=input[type=button][value$=CEP]</arg>
<tag>PageContent</tag>
<tag>Setter</tag>
<doc>Simulates mouse click on the element found by ``selector``.</doc>
<status status="PASS" start="2024-02-05T10:27:50.688690" elapsed="0.052264"/>
</kw>
<kw name="Get Property" owner="Browser">
<msg time="2024-02-05T10:27:51.435408" level="INFO">Property: 'Rua Joaquim Floriano'</msg>
<arg>css=input[name=addressStreet]</arg>
<arg>value</arg>
<arg>equal</arg>
<arg>${dog_walker}[street]</arg>
<tag>Assertion</tag>
<tag>Getter</tag>
<tag>PageContent</tag>
<doc>Returns the ``property`` of the element found by ``selector``.</doc>
<status status="PASS" start="2024-02-05T10:27:50.740954" elapsed="0.694454"/>
</kw>
<kw name="Get Property" owner="Browser">
<msg time="2024-02-05T10:27:51.444044" level="INFO">Property: 'Itaim Bibi'</msg>
<arg>css=input[name=addressDistrict]</arg>
<arg>value</arg>
<arg>equal</arg>
<arg>${dog_walker}[district]</arg>
<tag>Assertion</tag>
<tag>Getter</tag>
<tag>PageContent</tag>
<doc>Returns the ``property`` of the element found by ``selector``.</doc>
<status status="PASS" start="2024-02-05T10:27:51.435408" elapsed="0.008636"/>
</kw>
<kw name="Get Property" owner="Browser">
<msg time="2024-02-05T10:27:51.460442" level="INFO">Property: 'São Paulo/SP'</msg>
<arg>css=input[name=addressCityUf]</arg>
<arg>value</arg>
<arg>equal</arg>
<arg>${dog_walker}[city_uf]</arg>
<tag>Assertion</tag>
<tag>Getter</tag>
<tag>PageContent</tag>
<doc>Returns the ``property`` of the element found by ``selector``.</doc>
<status status="PASS" start="2024-02-05T10:27:51.451275" elapsed="0.009167"/>
</kw>
<kw name="Fill Text" owner="Browser">
<msg time="2024-02-05T10:27:51.460442" level="INFO">Fills the text '1000' in the given field.</msg>
<arg>css=input[name=addressNumber]</arg>
<arg>${dog_walker}[number]</arg>
<tag>PageContent</tag>
<tag>Setter</tag>
<doc>Clears and fills the given ``txt`` into the text field found by ``selector``.</doc>
<status status="PASS" start="2024-02-05T10:27:51.460442" elapsed="0.022468"/>
</kw>
<kw name="Fill Text" owner="Browser">
<msg time="2024-02-05T10:27:51.482910" level="INFO">Fills the text 'Apto 22' in the given field.</msg>
<arg>css=input[name=addressDetails]</arg>
<arg>${dog_walker}[details]</arg>
<tag>PageContent</tag>
<tag>Setter</tag>
<doc>Clears and fills the given ``txt`` into the text field found by ``selector``.</doc>
<status status="PASS" start="2024-02-05T10:27:51.482910" elapsed="0.019523"/>
</kw>
<kw name="Upload File By Selector" owner="Browser">
<arg>css=input[type=file]</arg>
<arg>${EXECDIR}/resources/fixtures/${dog_walker}[cnh]</arg>
<tag>PageContent</tag>
<tag>Setter</tag>
<doc>Uploads file from `path` to file input element matched by selector.</doc>
<status status="PASS" start="2024-02-05T10:27:51.502433" elapsed="0.016094"/>
</kw>
<arg>${dog_walker}</arg>
<status status="PASS" start="2024-02-05T10:27:50.585491" elapsed="0.933036"/>
</kw>
<kw name="SUBMIT signup form" owner="signup">
<kw name="Click" owner="Browser">
<arg>css=.button-register</arg>
<tag>PageContent</tag>
<tag>Setter</tag>
<doc>Simulates mouse click on the element found by ``selector``.</doc>
<status status="PASS" start="2024-02-05T10:27:51.518527" elapsed="0.079294"/>
</kw>
<status status="PASS" start="2024-02-05T10:27:51.518527" elapsed="0.079294"/>
</kw>
<kw name="Finish session" owner="base">
<kw name="Take Screenshot" owner="Browser">
<msg time="2024-02-05T10:27:51.859412" level="INFO" html="true">&lt;/td&gt;&lt;/tr&gt;&lt;tr&gt;&lt;td colspan="3"&gt;&lt;a href="browser/screenshot/robotframework-browser-screenshot-2.png" target="_blank"&gt;&lt;img src="browser/screenshot/robotframework-browser-screenshot-2.png" width="800px"/&gt;&lt;/a&gt;</msg>
<arg>fullPage=True</arg>
<tag>PageContent</tag>
<doc>Takes a screenshot of the current window or element and saves it to disk.</doc>
<status status="PASS" start="2024-02-05T10:27:51.597821" elapsed="0.261591"/>
</kw>
<status status="PASS" start="2024-02-05T10:27:51.597821" elapsed="0.261591"/>
</kw>
<tag>cpf_inv</tag>
<status status="PASS" start="2024-02-05T10:27:49.728914" elapsed="2.130498"/>
</test>
<doc>Suite de teste de cadastro de dog walker</doc>
<status status="PASS" start="2024-02-05T10:27:45.641986" elapsed="6.278503"/>
</suite>
<statistics>
<total>
<stat pass="2" fail="0" skip="0">All Tests</stat>
</total>
<tag>
<stat pass="1" fail="0" skip="0">cpf_inv</stat>
</tag>
<suite>
<stat pass="2" fail="0" skip="0" id="s1" name="Signup">Signup</stat>
</suite>
</statistics>
<errors>
</errors>
</robot>
